announcement_relationship	1276
annual_report	29780
asset_trans_index	53
bid_index	4418
brief_cancel_announcement_result	503
company	388826
company_abnormal_info	4579
company_announcement_all	1842
company_asset_auction	53
company_bid	4420
company_brief_cancel_announcement_info	440
company_change_info_clean	10263
company_check_info	1616
company_clean_info	79865
company_customs_administrative_penalty	2
company_customs_credit_rating	1
company_double_random_check_info	2048
company_double_random_check_result_info	18051
company_emails_new	260
company_equity_info	5616
company_gps	21216
company_graph	21593
company_history_names	581
company_hk	75
company_human_desc	2
company_human_relation	71645
company_icp_record_all_final	4
company_illegal_info	233
company_investor_entpub	75164
company_ipr_pledge_reg_info_entpub	2
company_judicial_assistance_frozen_info	4
company_judicial_assistance_info	209
company_lawsuit	7657
company_lawsuit_parsed_info	7694
company_license	6797
company_license_entpub	93
company_license_info_creditchina	81500
company_liquidating_info	75
company_micro	2729
company_mortgage_info	237
company_other_info	22353
company_phones_new	513
company_punishment_info	1083
company_punishment_info_creditchina	28187
company_research_report	2
company_score	80086
company_staff	49543
copyright_works	168
copyright_works_search	47
corp_rp_guarantee_detail	555
court_announcement	24
court_announcement_index	24
court_notices	1725
court_notice_index	1724
court_register	35888
credit_rating	5
dishonestinfo	1094447
ent_patent_info_20170730	66909
equity_change_info_entpub	334
equity_ratio	120758
gov_unit	66049
holding_company	1514
human	1325
land_publicity	28
land_result_announcement	113
lawsuit_index	14331
mortgage_change_info	2
mortgage_pawn_info	7422
mortgage_people_info	64
npo	67
patent_index	67223
qimingpian_history_rongzi	94
qimingpian_jigou_basic	569
qimingpian_jigou_company	66
qimingpian_jigou_tzanli	197
qimingpian_jingpin_map	1116
qimingpian_product	705
qimingpian_team_member	566
report_change_record	4178
report_equity_change_info	5937
report_outbound_investment	211
report_out_guarantee_info	60
report_relationship	3
report_shareholder	97623
report_social_security_info	4982
report_webinfo	812
send_announcement	352
send_anno_index	1230
shareholder	307
supply	919
tax_contravention	633
tax_credit	3
tm_info	6463
zhixinginfo	60017
zhixinginfo_evaluate	5545
zhixinginfo_finalcase	249141
zhixinginfo_restrict	1344514
zhixing_index	14514
